#
# There is insufficient memory for the Java Runtime Environment to continue.
# Native memory allocation (mmap) failed to map 134217728 bytes for G1 virtual space
# Possible reasons:
#   The system is out of physical RAM or swap space
#   The process is running with CompressedOops enabled, and the Java Heap may be blocking the growth of the native heap
# Possible solutions:
#   Reduce memory load on the system
#   Increase physical memory or swap space
#   Check if swap backing store is full
#   Decrease Java heap size (-Xmx/-Xms)
#   Decrease number of Java threads
#   Decrease Java thread stack sizes (-Xss)
#   Set larger code cache with -XX:ReservedCodeCacheSize=
#   JVM is running with Unscaled Compressed Oops mode in which the Java heap is
#     placed in the first 4GB address space. The Java Heap base address is the
#     maximum limit for the native heap growth. Please use -XX:HeapBaseMinAddress
#     to set the Java Heap base and to place the Java Heap above 4GB virtual address.
# This output file may be truncated or incomplete.
#
#  Out of Memory Error (./open/src/hotspot/os/windows/os_windows.cpp:3472), pid=21948, tid=22056
#
# JRE version:  (15.0.1+9) (build )
# Java VM: Java HotSpot(TM) 64-Bit Server VM (15.0.1+9-18, mixed mode, sharing, tiered, compressed oops, g1 gc, windows-amd64)
# No core dump will be written. Minidumps are not enabled by default on client versions of Windows
#

---------------  S U M M A R Y ------------

Command Line: -XX:TieredStopAtLevel=1 -Xverify:none -Dspring.output.ansi.enabled=always -Dcom.sun.management.jmxremote -Dspring.jmx.enabled=true -Dspring.liveBeansView.mbeanDomain -Dspring.application.admin.enabled=true -javaagent:C:\Program Files\JetBrains\IntelliJ IDEA 2020.2.3\lib\idea_rt.jar=51162:C:\Program Files\JetBrains\IntelliJ IDEA 2020.2.3\bin -Dfile.encoding=UTF-8 com.example.sp.SpProject2021Application

Host: Intel(R) Core(TM) i5-7200U CPU @ 2.50GHz, 4 cores, 7G,  Windows 10 , 64 bit Build 19041 (10.0.19041.928)
Time: Fri May 14 12:56:32 2021 Œrodkowoeuropejski czas letni elapsed time: 0.065168 seconds (0d 0h 0m 0s)

---------------  T H R E A D  ---------------

Current thread (0x000001e21251ff60):  JavaThread "Unknown thread" [_thread_in_vm, id=22056, stack(0x00000010e3700000,0x00000010e3800000)]

Stack: [0x00000010e3700000,0x00000010e3800000]
Native frames: (J=compiled Java code, j=interpreted, Vv=VM code, C=native code)
V  [jvm.dll+0x62ae9a]
V  [jvm.dll+0x781389]
V  [jvm.dll+0x782ae3]
V  [jvm.dll+0x783143]
V  [jvm.dll+0x216265]
V  [jvm.dll+0x6281d9]
V  [jvm.dll+0x61cd15]
V  [jvm.dll+0x2d01fd]
V  [jvm.dll+0x2d0062]
V  [jvm.dll+0x2d603c]
V  [jvm.dll+0x325b2a]
V  [jvm.dll+0x3251f4]
V  [jvm.dll+0x2a717a]
V  [jvm.dll+0x2a8318]
V  [jvm.dll+0x75e101]
V  [jvm.dll+0x3343e4]
V  [jvm.dll+0x73e826]
V  [jvm.dll+0x3b7777]
V  [jvm.dll+0x3b9201]
C  [jli.dll+0x52fb]
C  [ucrtbase.dll+0x21bb2]
C  [KERNEL32.DLL+0x17034]
C  [ntdll.dll+0x52651]


---------------  P R O C E S S  ---------------

Threads class SMR info:
_java_thread_list=0x00007ffa9e044ff0, length=0, elements={
}

Java Threads: ( => current thread )

Other Threads:
  0x000001e21255d890 GCTaskThread "GC Thread#0" [stack: 0x00000010e3800000,0x00000010e3900000] [id=21408]
  0x000001e21256f540 ConcurrentGCThread "G1 Main Marker" [stack: 0x00000010e3900000,0x00000010e3a00000] [id=10364]
  0x000001e212570040 ConcurrentGCThread "G1 Conc#0" [stack: 0x00000010e3a00000,0x00000010e3b00000] [id=13044]

[error occurred during error reporting (printing all threads), id 0xc0000005, EXCEPTION_ACCESS_VIOLATION (0xc0000005) at pc=0x00007ffa9d838047]

VM state: not at safepoint (not fully initialized)

VM Mutex/Monitor currently owned by a thread:  ([mutex/lock_event])
[0x000001e21251aca0] Heap_lock - owner thread: 0x000001e21251ff60

Heap address: 0x0000000081e00000, size: 2018 MB, Compressed Oops mode: 32-bit
CDS archive(s) mapped at: [0x0000000000000000-0x0000000000000000-0x0000000000000000), size 0, SharedBaseAddress: 0x0000000800000000, ArchiveRelocationMode: 0.
Narrow klass base: 0x0000000000000000, Narrow klass shift: 0, Narrow klass range: 0x0

Heap:
 garbage-first heap   total 131072K, used 0K [0x0000000081e00000, 0x0000000100000000)
  region size 1024K, 0 young (0K), 0 survivors (0K)
 Metaspace       used 0K, capacity 0K, committed 0K, reserved 0K
  class space    used 0K, capacity 0K, committed 0K, reserved 0K

Heap Regions: E=young(eden), S=young(survivor), O=old, HS=humongous(starts), HC=humongous(continues), CS=collection set, F=free, OA=open archive, CA=closed archive, TAMS=top-at-mark-start (previous, next)

Card table byte_map: [0x000001e22b990000,0x000001e22bd90000] _byte_map_base: 0x000001e22b581000

Marking Bits (Prev, Next): (CMBitMap*) 0x000001e21255efa0, (CMBitMap*) 0x000001e21255efe0
 Prev Bits: [0x000001e22c190000, 0x000001e22e118000)
 Next Bits: [0x000001e22e120000, 0x000001e2300a8000)

GC Heap History (0 events):
No events

Deoptimization events (0 events):
No events

Classes unloaded (0 events):
No events

Classes redefined (0 events):
No events

Internal exceptions (0 events):
No events

Events (1 events):
Event: 0.037 Loaded shared library C:\Program Files\Java\jdk-15.0.1\bin\java.dll


Dynamic libraries:
0x00007ff6509b0000 - 0x00007ff6509bf000 	C:\Program Files\Java\jdk-15.0.1\bin\java.exe
0x00007ffae3770000 - 0x00007ffae3965000 	C:\WINDOWS\SYSTEM32\ntdll.dll
0x00007ffae2900000 - 0x00007ffae29bd000 	C:\WINDOWS\System32\KERNEL32.DLL
0x00007ffae14d0000 - 0x00007ffae1798000 	C:\WINDOWS\System32\KERNELBASE.dll
0x00007ffae1060000 - 0x00007ffae1160000 	C:\WINDOWS\System32\ucrtbase.dll
0x00007ffadad90000 - 0x00007ffadada8000 	C:\Program Files\Java\jdk-15.0.1\bin\jli.dll
0x00007ffae2e40000 - 0x00007ffae2eec000 	C:\WINDOWS\System32\ADVAPI32.dll
0x00007ffae3450000 - 0x00007ffae34ee000 	C:\WINDOWS\System32\msvcrt.dll
0x00007ffae2380000 - 0x00007ffae241b000 	C:\WINDOWS\System32\sechost.dll
0x00007ffae3120000 - 0x00007ffae324b000 	C:\WINDOWS\System32\RPCRT4.dll
0x00007ffae2f80000 - 0x00007ffae3120000 	C:\WINDOWS\System32\USER32.dll
0x00007ffae1030000 - 0x00007ffae1052000 	C:\WINDOWS\System32\win32u.dll
0x00007ffae3420000 - 0x00007ffae344a000 	C:\WINDOWS\System32\GDI32.dll
0x00007ffae0e80000 - 0x00007ffae0f8b000 	C:\WINDOWS\System32\gdi32full.dll
0x00007ffad0a00000 - 0x00007ffad0a19000 	C:\Program Files\Java\jdk-15.0.1\bin\VCRUNTIME140.dll
0x00007ffad1060000 - 0x00007ffad12fa000 	C:\WINDOWS\WinSxS\amd64_microsoft.windows.common-controls_6595b64144ccf1df_6.0.19041.844_none_ca00b6081b84eb1d\COMCTL32.dll
0x00007ffae0f90000 - 0x00007ffae102d000 	C:\WINDOWS\System32\msvcp_win.dll
0x00007ffad2fc0000 - 0x00007ffad2fca000 	C:\WINDOWS\SYSTEM32\VERSION.dll
0x00007ffae2480000 - 0x00007ffae24b0000 	C:\WINDOWS\System32\IMM32.DLL
0x00007ffad1d10000 - 0x00007ffad1d1c000 	C:\Program Files\Java\jdk-15.0.1\bin\vcruntime140_1.dll
0x00007ffac9890000 - 0x00007ffac9921000 	C:\Program Files\Java\jdk-15.0.1\bin\msvcp140.dll
0x00007ffa9d580000 - 0x00007ffa9e0de000 	C:\Program Files\Java\jdk-15.0.1\bin\server\jvm.dll
0x00007ffae3410000 - 0x00007ffae3418000 	C:\WINDOWS\System32\PSAPI.DLL
0x00007ffad2e40000 - 0x00007ffad2e67000 	C:\WINDOWS\SYSTEM32\WINMM.dll
0x00007ffacb430000 - 0x00007ffacb439000 	C:\WINDOWS\SYSTEM32\WSOCK32.dll
0x00007ffae2ef0000 - 0x00007ffae2f5b000 	C:\WINDOWS\System32\WS2_32.dll
0x00007ffadf740000 - 0x00007ffadf752000 	C:\WINDOWS\SYSTEM32\kernel.appcore.dll
0x00007ffad1c90000 - 0x00007ffad1c9a000 	C:\Program Files\Java\jdk-15.0.1\bin\jimage.dll
0x00007ffaced00000 - 0x00007ffaceee4000 	C:\WINDOWS\SYSTEM32\DBGHELP.DLL
0x00007ffacfcb0000 - 0x00007ffacfcdc000 	C:\WINDOWS\SYSTEM32\dbgcore.DLL
0x00007ffae1450000 - 0x00007ffae14d0000 	C:\WINDOWS\System32\bcryptPrimitives.dll
0x00007ffad1bd0000 - 0x00007ffad1bde000 	C:\Program Files\Java\jdk-15.0.1\bin\instrument.dll
0x00007ffad09d0000 - 0x00007ffad09f5000 	C:\Program Files\Java\jdk-15.0.1\bin\java.dll

dbghelp: loaded successfully - version: 4.0.5 - missing functions: none
symbol engine: initialized successfully - sym options: 0x614 - pdb path: .;C:\Program Files\Java\jdk-15.0.1\bin;C:\WINDOWS\SYSTEM32;C:\WINDOWS\WinSxS\amd64_microsoft.windows.common-controls_6595b64144ccf1df_6.0.19041.844_none_ca00b6081b84eb1d;C:\Program Files\Java\jdk-15.0.1\bin\server

VM Arguments:
jvm_args: -XX:TieredStopAtLevel=1 -Xverify:none -Dspring.output.ansi.enabled=always -Dcom.sun.management.jmxremote -Dspring.jmx.enabled=true -Dspring.liveBeansView.mbeanDomain -Dspring.application.admin.enabled=true -javaagent:C:\Program Files\JetBrains\IntelliJ IDEA 2020.2.3\lib\idea_rt.jar=51162:C:\Program Files\JetBrains\IntelliJ IDEA 2020.2.3\bin -Dfile.encoding=UTF-8 
java_command: com.example.sp.SpProject2021Application
java_class_path (initial): C:\Users\micha\Desktop\dating_app\target\classes;C:\Users\micha\.m2\repository\org\springframework\boot\spring-boot-starter-data-jpa\2.4.5\spring-boot-starter-data-jpa-2.4.5.jar;C:\Users\micha\.m2\repository\org\springframework\boot\spring-boot-starter-aop\2.4.5\spring-boot-starter-aop-2.4.5.jar;C:\Users\micha\.m2\repository\org\springframework\spring-aop\5.3.6\spring-aop-5.3.6.jar;C:\Users\micha\.m2\repository\org\aspectj\aspectjweaver\1.9.6\aspectjweaver-1.9.6.jar;C:\Users\micha\.m2\repository\org\springframework\boot\spring-boot-starter-jdbc\2.4.5\spring-boot-starter-jdbc-2.4.5.jar;C:\Users\micha\.m2\repository\com\zaxxer\HikariCP\3.4.5\HikariCP-3.4.5.jar;C:\Users\micha\.m2\repository\jakarta\transaction\jakarta.transaction-api\1.3.3\jakarta.transaction-api-1.3.3.jar;C:\Users\micha\.m2\repository\jakarta\persistence\jakarta.persistence-api\2.2.3\jakarta.persistence-api-2.2.3.jar;C:\Users\micha\.m2\repository\org\hibernate\hibernate-core\5.4.30.Final\hibernate-core-5.4.30.Final.jar;C:\Users\micha\.m2\repository\org\jboss\logging\jboss-logging\3.4.1.Final\jboss-logging-3.4.1.Final.jar;C:\Users\micha\.m2\repository\org\javassist\javassist\3.27.0-GA\javassist-3.27.0-GA.jar;C:\Users\micha\.m2\repository\net\bytebuddy\byte-buddy\1.10.22\byte-buddy-1.10.22.jar;C:\Users\micha\.m2\repository\antlr\antlr\2.7.7\antlr-2.7.7.jar;C:\Users\micha\.m2\repository\org\jboss\jandex\2.2.3.Final\jandex-2.2.3.Final.jar;C:\Users\micha\.m2\repository\com\fasterxml\classmate\1.5.1\classmate-1.5.1.jar;C:\Users\micha\.m2\repository\org\dom4j\dom4j\2.1.3\dom4j-2.1.3.jar;C:\Users\micha\.m2\repository\org\hibernate\common\hibernate-commons-annotations\5.1.2.Final\hibernate-commons-annotations-5.1.2.Final.jar;C:\Users\micha\.m2\repository\org\glassfish\jaxb\jaxb-runtime\2.3.4\jaxb-runtime-2.3.4.jar;C:\Users\micha\.m2\repository\org\glassfish\jaxb\txw2\2.3.4\txw2-2.3.4.jar;C:\Users\micha\.m2\repository\com\sun\istack\istack-commons-runtime\3.0.12\istack-commons-runti
Launcher Type: SUN_STANDARD

[Global flags]
     intx CICompilerCount                          = 3                                         {product} {ergonomic}
     uint ConcGCThreads                            = 1                                         {product} {ergonomic}
     uint G1ConcRefinementThreads                  = 4                                         {product} {ergonomic}
   size_t G1HeapRegionSize                         = 1048576                                   {product} {ergonomic}
    uintx GCDrainStackTargetSize                   = 64                                        {product} {ergonomic}
   size_t InitialHeapSize                          = 134217728                                 {product} {ergonomic}
     bool ManagementServer                         = true                                      {product} {command line}
   size_t MarkStackSize                            = 4194304                                   {product} {ergonomic}
   size_t MaxHeapSize                              = 2116026368                                {product} {ergonomic}
   size_t MinHeapDeltaBytes                        = 1048576                                   {product} {ergonomic}
   size_t MinHeapSize                              = 8388608                                   {product} {ergonomic}
    uintx NonNMethodCodeHeapSize                   = 6973028                                {pd product} {ergonomic}
    uintx NonProfiledCodeHeapSize                  = 244685212                              {pd product} {ergonomic}
    uintx ProfiledCodeHeapSize                     = 0                                      {pd product} {ergonomic}
    uintx ReservedCodeCacheSize                    = 251658240                              {pd product} {ergonomic}
     bool SegmentedCodeCache                       = true                                      {product} {ergonomic}
   size_t SoftMaxHeapSize                          = 2116026368                             {manageable} {ergonomic}
     intx TieredStopAtLevel                        = 1                                         {product} {command line}
     bool UseCompressedClassPointers               = true                                 {lp64_product} {ergonomic}
     bool UseCompressedOops                        = true                                 {lp64_product} {ergonomic}
     bool UseG1GC                                  = true                                      {product} {ergonomic}
     bool UseLargePagesIndividualAllocation        = false                                  {pd product} {ergonomic}

Logging:
Log output configuration:
 #0: stdout all=warning uptime,level,tags
 #1: stderr all=off uptime,level,tags

Environment Variables:
JAVA_HOME=C:\Program Files\Java\jdk-15.0.1
PATH=C:\Program Files\Common Files\Oracle\Java\javapath;C:\Program Files (x86)\Common Files\Oracle\Java\javapath;C:\WINDOWS\system32;C:\WINDOWS;C:\WINDOWS\System32\Wbem;C:\WINDOWS\System32\WindowsPowerShell\v1.0\;C:\WINDOWS\System32\OpenSSH\;C:\Program Files\MATLAB\R2020b\bin;C:\apache-maven-3.6.3\bin;C:\Program Files\nodejs\;C:\Program Files\Java\jdk-15.0.1\bin;C:\Program Files\PostgreSQL\13\bin;C:\Program Files\Git\cmd;C:\Program Files\PuTTY\;C:\Users\micha\AppData\Local\Programs\Python\Python39\Scripts\;C:\Users\micha\AppData\Local\Programs\Python\Python39\;C:\Users\micha\AppData\Local\Microsoft\WindowsApps;C:\Users\micha\AppData\Local\Programs\Microsoft VS Code\bin;C:\Program Files\JetBrains\PyCharm 2020.2.3\bin;;C:\Program Files\JetBrains\IntelliJ IDEA 2020.2.3\bin;;C:\JDK\bin;C:\Program Files\JetBrains\CLion 2020.2.4\bin;;C:\MinGW\bin;C:\Users\micha\AppData\Roaming\npm;C:\Program Files\heroku\bin
USERNAME=micha
OS=Windows_NT
PROCESSOR_IDENTIFIER=Intel64 Family 6 Model 142 Stepping 9, GenuineIntel



---------------  S Y S T E M  ---------------

OS:
 Windows 10 , 64 bit Build 19041 (10.0.19041.928)
OS uptime: 28 days 0:32 hours
HyperV virtualization detected

CPU: total 4 (initial active 4) (2 cores per cpu, 2 threads per core) family 6 model 142 stepping 9 microcode 0xde, cmov, cx8, fxsr, mmx, sse, sse2, sse3, ssse3, sse4.1, sse4.2, popcnt, vzeroupper, avx, avx2, aes, clmul, erms, 3dnowpref, lzcnt, ht, tsc, tscinvbit, bmi1, bmi2, adx, fma, clflush, clflushopt

Memory: 4k page, system-wide physical 8066M (837M free)
TotalPageFile size 23054M (AvailPageFile size 66M)
current process WorkingSet (physical memory assigned to process): 10M, peak: 10M
current process commit charge ("private bytes"): 49M, peak: 177M

vm_info: Java HotSpot(TM) 64-Bit Server VM (15.0.1+9-18) for windows-amd64 JRE (15.0.1+9-18), built on Sep 15 2020 14:43:54 by "mach5one" with unknown MS VC++:1925

END.
